LINE 92  : 2025-04-02 14:20:54,736 [WARNING ] Input gene rankings contains NA values(gene name and ranking value), drop them all!
LINE 95  : 2025-04-02 14:20:54,737 [DEBUG   ] NAs list:
         0         1
1381   NaN  0.304614
1589   NaN  0.276088
3334   NaN  0.129457
3402   NaN  0.125419
4561   NaN  0.062083
7092   NaN -0.053740
7749   NaN -0.085069
10069  NaN -0.243447
10868  NaN -0.389708
LINE 99  : 2025-04-02 14:20:54,739 [WARNING ] Input gene rankings contains duplicated IDs, Only use the duplicated ID with highest value!
LINE 102 : 2025-04-02 14:20:54,740 [DEBUG   ] Dups list:
              0         1
1277      MOCS2  0.322242
1377      HLA-C  0.305117
1918      HLA-B  0.238246
2352   RABGAP1L  0.198593
2933      HLA-C  0.155466
3363      HLA-B  0.127668
3541      HLA-A  0.117447
4243      HLA-C  0.079105
4805     MICAL2  0.050364
5024       CUX1  0.039841
5340      ERCC6  0.025288
6375      RAB34 -0.019648
8284      HLA-A -0.111743
8959      MIEF1 -0.152206
9181      MACF1 -0.166921
9217     POLR2M -0.169612
9277       TMPO -0.174007
10385      NACA -0.287436
10655  TOR1AIP2 -0.333058
10729       FAU -0.351372
10913    CDKN2A -0.402349
10961     ZFP64 -0.415793
10982    POLR1D -0.419374
LINE 458 : 2025-04-02 14:20:54,742 [INFO    ] Parsing data files for GSEA.............................
LINE 144 : 2025-04-02 14:20:54,743 [INFO    ] User Defined gene sets is given.......continue..........
LINE 130 : 2025-04-02 14:20:55,527 [INFO    ] 0000 gene_sets have been filtered out when max_size=500 and min_size=15
LINE 462 : 2025-04-02 14:20:55,527 [INFO    ] 0050 gene_sets used for further statistical testing.....
LINE 463 : 2025-04-02 14:20:55,527 [INFO    ] Start to run GSEA...Might take a while..................
LINE 456 : 2025-04-02 14:20:55,527 [DEBUG   ] Start to compute enrichment scores......................
LINE 480 : 2025-04-02 14:20:55,527 [DEBUG   ] Start to compute es and esnulls........................
