LINE 458 : 2025-01-22 15:23:49,424 [INFO    ] Parsing data files for GSEA.............................
LINE 144 : 2025-01-22 15:23:49,425 [INFO    ] User Defined gene sets is given.......continue..........
LINE 458 : 2025-01-22 15:24:12,718 [INFO    ] Parsing data files for GSEA.............................
LINE 144 : 2025-01-22 15:24:12,719 [INFO    ] User Defined gene sets is given.......continue..........
LINE 130 : 2025-01-22 15:25:00,649 [INFO    ] 1526 gene_sets have been filtered out when max_size=500 and min_size=15
LINE 462 : 2025-01-22 15:25:00,651 [INFO    ] 1454 gene_sets used for further statistical testing.....
LINE 463 : 2025-01-22 15:25:00,651 [INFO    ] Start to run GSEA...Might take a while..................
LINE 456 : 2025-01-22 15:25:00,652 [DEBUG   ] Start to compute enrichment scores......................
LINE 480 : 2025-01-22 15:25:00,653 [DEBUG   ] Start to compute es and esnulls........................
LINE 458 : 2025-01-22 15:34:46,062 [INFO    ] Parsing data files for GSEA.............................
LINE 144 : 2025-01-22 15:34:46,064 [INFO    ] User Defined gene sets is given.......continue..........
LINE 458 : 2025-01-22 15:34:56,737 [INFO    ] Parsing data files for GSEA.............................
LINE 144 : 2025-01-22 15:34:56,766 [INFO    ] User Defined gene sets is given.......continue..........
LINE 130 : 2025-01-22 15:35:02,885 [INFO    ] 0000 gene_sets have been filtered out when max_size=500 and min_size=15
LINE 462 : 2025-01-22 15:35:02,885 [INFO    ] 0050 gene_sets used for further statistical testing.....
LINE 463 : 2025-01-22 15:35:02,885 [INFO    ] Start to run GSEA...Might take a while..................
LINE 456 : 2025-01-22 15:35:02,885 [DEBUG   ] Start to compute enrichment scores......................
LINE 480 : 2025-01-22 15:35:02,886 [DEBUG   ] Start to compute es and esnulls........................
LINE 458 : 2025-01-22 16:13:27,588 [INFO    ] Parsing data files for GSEA.............................
LINE 144 : 2025-01-22 16:13:27,591 [INFO    ] User Defined gene sets is given.......continue..........
LINE 130 : 2025-01-22 16:13:28,781 [INFO    ] 0009 gene_sets have been filtered out when max_size=500 and min_size=15
LINE 462 : 2025-01-22 16:13:28,782 [INFO    ] 0041 gene_sets used for further statistical testing.....
LINE 463 : 2025-01-22 16:13:28,782 [INFO    ] Start to run GSEA...Might take a while..................
LINE 456 : 2025-01-22 16:13:28,782 [DEBUG   ] Start to compute enrichment scores......................
LINE 480 : 2025-01-22 16:13:28,782 [DEBUG   ] Start to compute es and esnulls........................
